mode: set
Dayanfreitas/BlackJack/src/blackjack.go:41.30,43.2 1 1
Dayanfreitas/BlackJack/src/blackjack.go:45.34,47.2 1 0
Dayanfreitas/BlackJack/src/blackjack.go:49.34,51.2 1 1
Dayanfreitas/BlackJack/src/blackjack.go:79.13,84.16 4 0
Dayanfreitas/BlackJack/src/blackjack.go:88.2,91.25 3 0
Dayanfreitas/BlackJack/src/blackjack.go:105.2,109.48 3 0
Dayanfreitas/BlackJack/src/blackjack.go:84.16,86.3 1 0
Dayanfreitas/BlackJack/src/blackjack.go:91.25,92.49 1 0
Dayanfreitas/BlackJack/src/blackjack.go:100.3,100.57 1 0
Dayanfreitas/BlackJack/src/blackjack.go:92.49,96.4 1 0
Dayanfreitas/BlackJack/src/blackjack.go:109.48,112.3 2 0
Dayanfreitas/BlackJack/src/blackjack.go:116.51,118.2 1 1
Dayanfreitas/BlackJack/src/blackjack.go:125.56,131.37 2 1
Dayanfreitas/BlackJack/src/blackjack.go:135.2,135.72 1 1
Dayanfreitas/BlackJack/src/blackjack.go:138.2,153.20 6 1
Dayanfreitas/BlackJack/src/blackjack.go:131.37,133.3 1 1
Dayanfreitas/BlackJack/src/blackjack.go:135.72,137.3 1 1
Dayanfreitas/BlackJack/src/blackjack.go:156.32,158.2 1 1
Dayanfreitas/BlackJack/src/blackjack.go:160.54,162.2 1 1
Dayanfreitas/BlackJack/src/blackjack.go:164.54,166.2 1 1
Dayanfreitas/BlackJack/src/blackjack.go:168.54,171.26 2 1
Dayanfreitas/BlackJack/src/blackjack.go:182.2,182.14 1 1
Dayanfreitas/BlackJack/src/blackjack.go:171.26,173.20 1 1
Dayanfreitas/BlackJack/src/blackjack.go:177.3,177.21 1 1
Dayanfreitas/BlackJack/src/blackjack.go:173.20,175.4 1 1
Dayanfreitas/BlackJack/src/blackjack.go:177.21,179.4 1 1
Dayanfreitas/BlackJack/src/blackjack.go:186.54,189.26 2 1
Dayanfreitas/BlackJack/src/blackjack.go:203.2,203.26 1 1
Dayanfreitas/BlackJack/src/blackjack.go:212.2,212.14 1 1
Dayanfreitas/BlackJack/src/blackjack.go:189.26,191.20 1 1
Dayanfreitas/BlackJack/src/blackjack.go:195.3,195.21 1 1
Dayanfreitas/BlackJack/src/blackjack.go:191.20,193.4 1 1
Dayanfreitas/BlackJack/src/blackjack.go:195.21,197.4 1 1
Dayanfreitas/BlackJack/src/blackjack.go:197.9,199.4 1 1
Dayanfreitas/BlackJack/src/blackjack.go:203.26,205.30 1 1
Dayanfreitas/BlackJack/src/blackjack.go:205.30,206.21 1 1
Dayanfreitas/BlackJack/src/blackjack.go:206.21,208.5 1 1
Dayanfreitas/BlackJack/src/blackjack.go:216.44,218.2 1 1
Dayanfreitas/BlackJack/src/blackjack.go:220.44,222.40 1 1
Dayanfreitas/BlackJack/src/blackjack.go:225.2,225.14 1 1
Dayanfreitas/BlackJack/src/blackjack.go:222.40,224.3 1 1
Dayanfreitas/BlackJack/src/blackjack.go:228.66,235.48 2 1
Dayanfreitas/BlackJack/src/blackjack.go:239.2,239.73 1 1
Dayanfreitas/BlackJack/src/blackjack.go:243.2,243.16 1 1
Dayanfreitas/BlackJack/src/blackjack.go:235.48,237.3 1 1
Dayanfreitas/BlackJack/src/blackjack.go:239.73,241.3 1 1
Dayanfreitas/BlackJack/src/blackjack.go:246.47,249.2 2 1
Dayanfreitas/BlackJack/src/blackjack.go:251.43,256.2 3 1
Dayanfreitas/BlackJack/src/blackjack.go:258.42,262.2 2 1
Dayanfreitas/BlackJack/src/blackjack.go:264.45,266.11 2 1
Dayanfreitas/BlackJack/src/blackjack.go:269.2,269.32 1 1
Dayanfreitas/BlackJack/src/blackjack.go:266.11,268.3 1 1
Dayanfreitas/BlackJack/src/blackjack.go:276.45,277.40 1 1
Dayanfreitas/BlackJack/src/blackjack.go:281.2,281.16 1 1
Dayanfreitas/BlackJack/src/blackjack.go:277.40,279.3 1 1
Dayanfreitas/BlackJack/src/blackjack.go:284.27,286.2 1 1
Dayanfreitas/BlackJack/src/blackjack.go:288.34,290.34 2 0
Dayanfreitas/BlackJack/src/blackjack.go:293.2,294.55 2 0
Dayanfreitas/BlackJack/src/blackjack.go:290.34,292.3 1 0
Dayanfreitas/BlackJack/src/blackjack.go:298.39,301.2 2 1
Dayanfreitas/BlackJack/src/blackjack.go:303.34,311.2 4 1
